TN:
SF:src/app.ts
FN:17,(anonymous_1)
FN:43,(anonymous_2)
FN:31,(anonymous_3)
FN:38,(anonymous_4)
FNF:4
FNH:4
FNDA:14,(anonymous_1)
FNDA:20,(anonymous_2)
FNDA:17,(anonymous_3)
FNDA:13,(anonymous_4)
DA:1,8
DA:2,8
DA:4,8
DA:5,8
DA:6,8
DA:7,8
DA:8,8
DA:9,8
DA:10,8
DA:11,8
DA:16,8
DA:19,14
DA:32,17
DA:33,17
DA:34,17
DA:39,13
DA:43,14
DA:44,20
LF:18
LH:18
BRDA:18,0,0,0
BRF:1
BRH:0
end_of_record
TN:
SF:src/controllers/account.controller.ts
FN:34,(anonymous_2)
FN:49,(anonymous_3)
FN:67,(anonymous_4)
FN:89,(anonymous_5)
FNF:4
FNH:4
FNDA:1,(anonymous_2)
FNDA:1,(anonymous_3)
FNDA:2,(anonymous_4)
FNDA:1,(anonymous_5)
DA:1,8
DA:13,8
DA:14,8
DA:15,8
DA:19,8
DA:20,8
DA:24,8
DA:26,8
DA:34,8
DA:35,1
DA:49,8
DA:52,1
DA:67,8
DA:68,2
DA:69,2
DA:73,2
DA:74,1
DA:77,1
DA:89,8
DA:90,1
LF:20
LH:20
BRDA:73,0,0,1
BRDA:73,0,1,1
BRDA:73,1,0,2
BRDA:73,1,1,2
BRDA:91,2,0,1
BRDA:91,2,1,0
BRF:6
BRH:5
end_of_record
TN:
SF:src/controllers/authentication.controller.ts
FN:32,(anonymous_2)
FNF:1
FNH:1
FNDA:9,(anonymous_2)
DA:1,8
DA:13,8
DA:14,8
DA:18,8
DA:20,8
DA:32,8
DA:38,9
DA:39,1
DA:44,8
DA:45,8
DA:52,7
DA:56,7
DA:58,1
LF:13
LH:13
BRDA:38,0,0,1
BRDA:38,0,1,8
BRDA:38,1,0,9
BRDA:38,1,1,8
BRF:4
BRH:4
end_of_record
TN:
SF:src/controllers/contracts.controller.ts
FN:34,(anonymous_2)
FN:65,(anonymous_3)
FN:90,(anonymous_4)
FN:128,(anonymous_5)
FNF:4
FNH:4
FNDA:4,(anonymous_2)
FNDA:3,(anonymous_3)
FNDA:5,(anonymous_4)
FNDA:3,(anonymous_5)
DA:1,8
DA:13,8
DA:14,8
DA:15,8
DA:16,8
DA:17,8
DA:18,8
DA:22,8
DA:24,8
DA:34,8
DA:37,4
DA:38,4
DA:39,1
DA:45,3
DA:46,3
DA:50,1
DA:65,8
DA:69,3
DA:70,3
DA:74,1
DA:90,8
DA:95,5
DA:96,5
DA:97,1
DA:105,4
DA:106,4
DA:112,1
DA:128,8
DA:133,3
DA:134,3
DA:135,1
DA:141,2
DA:142,2
DA:145,1
LF:34
LH:34
BRDA:38,0,0,1
BRDA:38,0,1,3
BRDA:96,1,0,1
BRDA:96,1,1,4
BRDA:96,2,0,5
BRDA:96,2,1,5
BRDA:134,3,0,1
BRDA:134,3,1,2
BRDA:134,4,0,3
BRDA:134,4,1,3
BRF:10
BRH:10
end_of_record
TN:
SF:src/controllers/realtime-data.controller.ts
FN:29,sendError
FN:43,sendReponse
FN:60,(anonymous_4)
FN:68,(anonymous_5)
FN:88,(anonymous_6)
FN:127,(anonymous_7)
FN:132,(anonymous_8)
FN:155,(anonymous_9)
FN:179,(anonymous_10)
FN:180,(anonymous_11)
FN:185,(anonymous_12)
FN:191,handleSubscriptionError
FN:215,(anonymous_14)
FN:216,(anonymous_15)
FN:225,(anonymous_16)
FN:245,(anonymous_17)
FN:246,(anonymous_18)
FN:252,(anonymous_19)
FN:272,(anonymous_20)
FN:276,(anonymous_21)
FN:285,(anonymous_22)
FNF:21
FNH:21
FNDA:11,sendError
FNDA:21,sendReponse
FNDA:17,(anonymous_4)
FNDA:17,(anonymous_5)
FNDA:9,(anonymous_6)
FNDA:7,(anonymous_7)
FNDA:15,(anonymous_8)
FNDA:11,(anonymous_9)
FNDA:7,(anonymous_10)
FNDA:2,(anonymous_11)
FNDA:11,(anonymous_12)
FNDA:7,handleSubscriptionError
FNDA:2,(anonymous_14)
FNDA:1,(anonymous_15)
FNDA:4,(anonymous_16)
FNDA:12,(anonymous_17)
FNDA:10,(anonymous_18)
FNDA:4,(anonymous_19)
FNDA:2,(anonymous_20)
FNDA:3,(anonymous_21)
FNDA:8,(anonymous_22)
DA:1,8
DA:14,8
DA:18,8
DA:19,8
DA:25,8
DA:26,8
DA:34,11
DA:49,21
DA:60,8
DA:62,8
DA:65,17
DA:69,17
DA:88,8
DA:91,9
DA:96,9
DA:97,9
DA:98,8
DA:101,9
DA:102,1
DA:106,1
DA:107,1
DA:110,8
DA:111,8
DA:115,1
DA:119,1
DA:120,1
DA:123,7
DA:128,7
DA:132,7
DA:134,15
DA:135,15
DA:137,1
DA:141,1
DA:144,14
DA:146,11
DA:147,11
DA:148,11
DA:149,11
DA:152,11
DA:153,11
DA:155,11
DA:156,11
DA:159,11
DA:165,3
DA:167,2
DA:168,2
DA:170,1
DA:179,7
DA:180,7
DA:192,7
DA:193,7
DA:200,11
DA:202,11
DA:205,11
DA:206,3
DA:208,3
DA:209,1
DA:210,1
DA:213,2
DA:214,1
DA:216,2
DA:217,1
DA:224,1
DA:226,4
DA:235,8
DA:236,2
DA:237,2
DA:238,1
DA:241,1
DA:244,1
DA:246,12
DA:247,10
DA:252,12
DA:253,4
DA:265,6
DA:266,5
DA:267,5
DA:268,1
DA:269,1
DA:271,4
DA:273,2
DA:276,3
DA:282,1
DA:285,8
LF:84
LH:84
BRDA:97,0,0,8
BRDA:97,0,1,1
BRDA:101,1,0,1
BRDA:101,1,1,8
BRDA:144,2,0,11
BRDA:144,2,1,3
BRDA:144,3,0,14
BRDA:144,3,1,11
BRDA:148,4,0,11
BRDA:148,4,1,0
BRDA:165,5,0,2
BRDA:165,5,1,1
BRDA:205,6,0,3
BRDA:205,6,1,8
BRDA:208,7,0,1
BRDA:208,7,1,2
BRDA:213,8,0,1
BRDA:213,8,1,1
BRDA:235,9,0,2
BRDA:235,9,1,6
BRDA:237,10,0,1
BRDA:237,10,1,1
BRDA:265,11,0,5
BRDA:265,11,1,1
BRDA:267,12,0,1
BRDA:267,12,1,4
BRF:26
BRH:25
end_of_record
TN:
SF:src/models/account-list.model.ts
FNF:0
FNH:0
DA:1,8
DA:7,8
DA:10,8
LF:3
LH:3
BRF:0
BRH:0
end_of_record
TN:
SF:src/models/account-summary.model.ts
FN:8,(anonymous_2)
FNF:1
FNH:1
FNDA:10,(anonymous_2)
DA:1,9
DA:7,9
DA:9,10
DA:14,9
DA:18,9
DA:22,9
DA:29,9
DA:33,9
DA:43,9
DA:49,9
DA:57,9
DA:65,9
DA:73,9
DA:79,9
DA:83,9
DA:87,9
DA:97,9
DA:101,9
DA:105,9
DA:109,9
DA:113,9
DA:117,9
DA:121,9
DA:124,9
DA:128,9
DA:132,9
DA:136,9
DA:146,9
DA:156,9
DA:162,9
DA:168,9
DA:172,9
DA:184,9
DA:188,9
DA:192,9
DA:196,9
DA:200,9
DA:207,9
DA:209,9
LF:39
LH:39
BRF:0
BRH:0
end_of_record
TN:
SF:src/models/contract-description.model.ts
FNF:0
FNH:0
DA:1,8
DA:8,8
DA:20,8
DA:22,8
LF:4
LH:4
BRF:0
BRH:0
end_of_record
TN:
SF:src/models/contract-details.model.ts
FNF:0
FNH:0
DA:1,8
DA:2,8
DA:8,8
DA:11,8
DA:15,8
DA:19,8
DA:23,8
DA:27,8
DA:33,8
DA:37,8
DA:43,8
DA:49,8
DA:55,8
DA:61,8
DA:67,8
DA:71,8
DA:75,8
DA:79,8
DA:83,8
DA:87,8
DA:94,8
DA:102,8
DA:106,8
DA:110,8
DA:117,8
DA:119,8
LF:26
LH:26
BRF:0
BRH:0
end_of_record
TN:
SF:src/models/contract.model.ts
FNF:0
FNH:0
DA:1,8
DA:2,8
DA:8,8
DA:11,8
DA:15,8
DA:19,8
DA:28,8
DA:32,8
DA:40,8
DA:44,8
DA:48,8
DA:52,8
DA:59,8
DA:69,8
DA:77,8
DA:87,8
DA:91,8
LF:17
LH:17
BRF:0
BRH:0
end_of_record
TN:
SF:src/models/historic-data-request.model.ts
FN:3,(anonymous_2)
FN:27,(anonymous_3)
FNF:2
FNH:2
FNDA:8,(anonymous_2)
FNDA:8,(anonymous_3)
DA:1,8
DA:3,8
DA:4,8
DA:5,8
DA:6,8
DA:7,8
DA:8,8
DA:9,8
DA:10,8
DA:11,8
DA:12,8
DA:13,8
DA:14,8
DA:15,8
DA:16,8
DA:17,8
DA:18,8
DA:19,8
DA:20,8
DA:21,8
DA:22,8
DA:23,8
DA:24,8
DA:27,8
DA:28,8
DA:29,8
DA:30,8
DA:31,8
DA:32,8
DA:33,8
DA:34,8
DA:35,8
DA:36,8
DA:43,8
DA:46,8
DA:50,8
DA:54,8
DA:58,8
DA:62,8
LF:39
LH:39
BRDA:3,0,0,8
BRDA:3,0,1,8
BRDA:27,1,0,8
BRDA:27,1,1,8
BRF:4
BRH:4
end_of_record
TN:
SF:src/models/market-data.model.ts
FNF:0
FNH:0
DA:1,8
DA:7,8
DA:10,8
DA:14,8
DA:18,8
DA:22,8
DA:26,8
DA:30,8
DA:34,8
DA:38,8
DA:42,8
DA:50,8
DA:54,8
DA:58,8
DA:62,8
DA:66,8
DA:70,8
DA:74,8
DA:78,8
DA:84,8
DA:88,8
DA:92,8
DA:100,8
DA:104,8
DA:108,8
DA:112,8
DA:116,8
DA:120,8
DA:126,8
DA:132,8
DA:139,8
DA:143,8
DA:149,8
DA:153,8
DA:157,8
DA:161,8
DA:165,8
DA:169,8
DA:173,8
DA:177,8
DA:181,8
DA:185,8
DA:189,8
DA:193,8
DA:197,8
DA:201,8
DA:205,8
DA:211,8
DA:215,8
DA:221,8
DA:225,8
DA:232,8
DA:239,8
DA:246,8
DA:253,8
DA:261,8
DA:265,8
DA:269,8
DA:273,8
DA:277,8
DA:281,8
DA:285,8
DA:289,8
DA:293,8
DA:297,8
DA:301,8
DA:305,8
DA:309,8
DA:313,8
DA:317,8
DA:321,8
DA:325,8
DA:329,8
DA:333,8
DA:337,8
DA:341,8
DA:345,8
DA:349,8
DA:353,8
DA:357,8
DA:361,8
DA:365,8
DA:369,8
DA:373,8
LF:84
LH:84
BRF:0
BRH:0
end_of_record
TN:
SF:src/models/ohlc-bar.model.ts
FNF:0
FNH:0
DA:1,8
DA:7,8
DA:10,8
DA:14,8
DA:18,8
DA:22,8
DA:26,8
DA:30,8
DA:34,8
DA:38,8
DA:45,8
DA:47,8
LF:12
LH:12
BRF:0
BRH:0
end_of_record
TN:
SF:src/models/position-list.model.ts
FNF:0
FNH:0
DA:1,8
DA:2,8
DA:8,8
DA:11,8
LF:4
LH:4
BRF:0
BRH:0
end_of_record
TN:
SF:src/models/position.model.ts
FN:8,(anonymous_2)
FNF:1
FNH:1
FNDA:9,(anonymous_2)
DA:1,8
DA:7,8
DA:9,9
DA:14,8
DA:18,8
DA:22,8
DA:26,8
DA:30,8
DA:34,8
DA:38,8
DA:42,8
DA:46,8
LF:12
LH:12
BRF:0
BRH:0
end_of_record
TN:
SF:src/models/realtime-data-message.model.ts
FN:9,(anonymous_2)
FNF:1
FNH:1
FNDA:8,(anonymous_2)
DA:1,8
DA:2,8
DA:3,8
DA:4,8
DA:9,8
DA:10,8
DA:11,8
DA:12,8
DA:13,8
DA:18,8
DA:21,8
DA:25,8
DA:30,8
DA:32,8
DA:35,8
DA:38,8
DA:43,8
DA:46,8
DA:52,8
DA:60,8
DA:64,8
LF:21
LH:21
BRDA:9,0,0,8
BRDA:9,0,1,8
BRF:2
BRH:2
end_of_record
TN:
SF:src/models/username-password.model.ts
FNF:0
FNH:0
DA:1,8
DA:5,8
DA:8,8
DA:12,8
LF:4
LH:4
BRF:0
BRH:0
end_of_record
TN:
SF:src/services/authentication.service.ts
FN:14,(anonymous_2)
FN:28,(anonymous_3)
FNF:2
FNH:2
FNDA:17,(anonymous_2)
FNDA:8,(anonymous_3)
DA:1,8
DA:2,8
DA:3,8
DA:9,8
DA:11,8
DA:15,17
DA:16,1
DA:18,16
DA:19,1
DA:30,8
DA:34,1
DA:37,7
LF:12
LH:12
BRDA:15,0,0,1
BRDA:15,0,1,16
BRDA:18,1,0,1
BRDA:18,1,1,15
BRDA:30,2,0,1
BRDA:30,2,1,7
BRDA:31,3,0,8
BRDA:31,3,1,8
BRF:8
BRH:8
end_of_record
TN:
SF:src/services/ib-api-factory.service.ts
FN:12,(anonymous_8)
FN:21,(anonymous_9)
FN:58,(anonymous_10)
FN:59,(anonymous_11)
FN:62,(anonymous_12)
FNF:5
FNH:5
FNDA:8,(anonymous_8)
FNDA:6,(anonymous_9)
FNDA:8,(anonymous_10)
FNDA:4,(anonymous_11)
FNDA:15,(anonymous_12)
DA:1,8
DA:2,8
DA:3,8
DA:4,8
DA:5,8
DA:12,8
DA:14,8
DA:17,8
DA:22,6
DA:23,1
DA:25,5
DA:26,1
DA:29,4
DA:37,4
DA:39,1
DA:40,1
DA:42,1
DA:43,1
DA:45,1
DA:46,1
DA:48,1
DA:49,1
DA:52,4
DA:54,4
DA:59,8
DA:63,15
LF:26
LH:26
BRDA:22,0,0,1
BRDA:22,0,1,5
BRDA:25,1,0,1
BRDA:25,1,1,4
BRDA:38,2,0,1
BRDA:38,2,1,1
BRDA:38,2,2,1
BRDA:38,2,3,1
BRF:8
BRH:8
end_of_record
TN:
SF:src/services/ib-api.service.ts
FN:56,(anonymous_9)
FN:100,(anonymous_10)
FN:101,(anonymous_11)
FN:113,(anonymous_12)
FN:122,(anonymous_13)
FN:145,(anonymous_14)
FN:151,(anonymous_15)
FN:160,(anonymous_16)
FN:182,(anonymous_17)
FN:204,(anonymous_18)
FN:209,(anonymous_19)
FN:210,(anonymous_20)
FN:224,(anonymous_21)
FN:224,(anonymous_22)
FN:226,(anonymous_23)
FN:236,(anonymous_24)
FN:241,(anonymous_25)
FN:242,(anonymous_26)
FN:245,(anonymous_27)
FN:251,(anonymous_28)
FN:252,(anonymous_29)
FN:261,(anonymous_30)
FN:265,(anonymous_31)
FN:266,(anonymous_32)
FN:271,(anonymous_33)
FN:275,(anonymous_34)
FN:280,(anonymous_35)
FN:281,(anonymous_36)
FN:287,(anonymous_37)
FN:289,(anonymous_38)
FN:301,(anonymous_39)
FN:322,(anonymous_40)
FN:325,(anonymous_41)
FN:336,(anonymous_42)
FN:341,(anonymous_43)
FN:348,(anonymous_44)
FN:356,(anonymous_45)
FN:366,(anonymous_46)
FN:367,(anonymous_47)
FN:374,(anonymous_48)
FN:383,(anonymous_49)
FN:392,(anonymous_50)
FN:395,(anonymous_51)
FN:411,(anonymous_52)
FN:412,(anonymous_53)
FN:413,(anonymous_54)
FN:418,(anonymous_55)
FN:420,(anonymous_56)
FN:426,(anonymous_57)
FN:441,(anonymous_58)
FN:455,(anonymous_59)
FN:457,(anonymous_60)
FN:458,(anonymous_61)
FN:465,(anonymous_62)
FN:466,(anonymous_63)
FN:469,(anonymous_64)
FN:475,(anonymous_65)
FN:487,(anonymous_66)
FN:488,(anonymous_67)
FN:502,(anonymous_68)
FN:534,(anonymous_69)
FN:535,(anonymous_70)
FN:545,(anonymous_71)
FN:560,(anonymous_72)
FN:561,(anonymous_73)
FN:582,(anonymous_74)
FN:588,(anonymous_75)
FN:648,(anonymous_76)
FNF:68
FNH:65
FNDA:17,(anonymous_9)
FNDA:15,(anonymous_10)
FNDA:13,(anonymous_11)
FNDA:19,(anonymous_12)
FNDA:0,(anonymous_13)
FNDA:17,(anonymous_14)
FNDA:3,(anonymous_15)
FNDA:13,(anonymous_16)
FNDA:2,(anonymous_17)
FNDA:15,(anonymous_18)
FNDA:3,(anonymous_19)
FNDA:3,(anonymous_20)
FNDA:3,(anonymous_21)
FNDA:3,(anonymous_22)
FNDA:3,(anonymous_23)
FNDA:3,(anonymous_24)
FNDA:2,(anonymous_25)
FNDA:2,(anonymous_26)
FNDA:1,(anonymous_27)
FNDA:1,(anonymous_28)
FNDA:1,(anonymous_29)
FNDA:2,(anonymous_30)
FNDA:2,(anonymous_31)
FNDA:2,(anonymous_32)
FNDA:11,(anonymous_33)
FNDA:2,(anonymous_34)
FNDA:4,(anonymous_35)
FNDA:4,(anonymous_36)
FNDA:3,(anonymous_37)
FNDA:2,(anonymous_38)
FNDA:6,(anonymous_39)
FNDA:3,(anonymous_40)
FNDA:1,(anonymous_41)
FNDA:2,(anonymous_42)
FNDA:1,(anonymous_43)
FNDA:4,(anonymous_44)
FNDA:14,(anonymous_45)
FNDA:1,(anonymous_46)
FNDA:1,(anonymous_47)
FNDA:5,(anonymous_48)
FNDA:5,(anonymous_49)
FNDA:5,(anonymous_50)
FNDA:2,(anonymous_51)
FNDA:14,(anonymous_52)
FNDA:10,(anonymous_53)
FNDA:3,(anonymous_54)
FNDA:1,(anonymous_55)
FNDA:1,(anonymous_56)
FNDA:3,(anonymous_57)
FNDA:0,(anonymous_58)
FNDA:14,(anonymous_59)
FNDA:14,(anonymous_60)
FNDA:5,(anonymous_61)
FNDA:1,(anonymous_62)
FNDA:3,(anonymous_63)
FNDA:1,(anonymous_64)
FNDA:7,(anonymous_65)
FNDA:6,(anonymous_66)
FNDA:13,(anonymous_67)
FNDA:5,(anonymous_68)
FNDA:1,(anonymous_69)
FNDA:1,(anonymous_70)
FNDA:2,(anonymous_71)
FNDA:6,(anonymous_72)
FNDA:13,(anonymous_73)
FNDA:0,(anonymous_74)
FNDA:15,(anonymous_75)
FNDA:2,(anonymous_76)
DA:1,8
DA:3,8
DA:10,8
DA:11,8
DA:17,8
DA:18,8
DA:22,8
DA:23,8
DA:27,8
DA:34,8
DA:37,8
DA:40,8
DA:44,8
DA:56,8
DA:58,8
DA:62,8
DA:71,17
DA:74,17
DA:82,17
DA:88,17
DA:91,17
DA:97,17
DA:101,15
DA:102,13
DA:103,13
DA:104,13
DA:105,13
DA:109,13
DA:112,13
DA:114,19
DA:116,6
DA:117,6
DA:119,2
DA:120,1
DA:122,2
DA:123,0
DA:125,2
DA:127,11
DA:128,2
DA:130,11
DA:133,1
DA:134,1
DA:135,1
DA:137,11
DA:146,17
DA:147,17
DA:152,3
DA:153,3
DA:155,1
DA:163,13
DA:164,10
DA:165,10
DA:166,4
DA:170,9
DA:171,9
DA:172,6
DA:173,2
DA:175,6
DA:177,3
DA:188,2
DA:189,2
DA:190,1
DA:192,1
DA:193,1
DA:199,0
DA:205,15
DA:210,3
DA:212,3
DA:213,3
DA:214,3
DA:215,3
DA:216,2
DA:217,2
DA:218,2
DA:220,3
DA:223,3
DA:224,3
DA:227,3
DA:228,3
DA:229,3
DA:230,0
DA:232,3
DA:236,3
DA:242,2
DA:243,2
DA:244,2
DA:245,2
DA:246,1
DA:247,1
DA:249,2
DA:250,2
DA:252,1
DA:253,1
DA:254,1
DA:255,1
DA:258,1
DA:261,2
DA:266,2
DA:267,2
DA:270,2
DA:272,11
DA:275,2
DA:281,4
DA:282,4
DA:286,4
DA:288,3
DA:289,2
DA:291,3
DA:292,1
DA:293,1
DA:296,2
DA:297,2
DA:301,2
DA:302,6
DA:307,6
DA:308,2
DA:309,2
DA:310,2
DA:315,2
DA:319,2
DA:323,3
DA:326,1
DA:329,1
DA:330,1
DA:336,2
DA:337,2
DA:338,2
DA:342,1
DA:345,1
DA:348,4
DA:349,4
DA:350,4
DA:357,14
DA:367,1
DA:368,1
DA:369,1
DA:377,5
DA:382,5
DA:383,5
DA:384,5
DA:392,5
DA:393,5
DA:395,2
DA:397,5
DA:402,5
DA:403,5
DA:412,14
DA:413,10
DA:414,3
DA:419,1
DA:420,1
DA:421,1
DA:427,3
DA:432,1
DA:439,1
DA:441,0
DA:443,1
DA:445,1
DA:456,14
DA:457,14
DA:458,14
DA:459,14
DA:462,14
DA:466,3
DA:467,1
DA:468,1
DA:469,1
DA:470,1
DA:476,7
DA:480,7
DA:485,7
DA:487,7
DA:488,6
DA:489,13
DA:494,13
DA:495,3
DA:496,1
DA:498,3
DA:501,10
DA:502,10
DA:503,5
DA:504,5
DA:513,10
DA:514,10
DA:516,2
DA:518,10
DA:520,2
DA:523,10
DA:524,5
DA:525,5
DA:526,2
DA:533,7
DA:534,7
DA:535,1
DA:536,1
DA:537,1
DA:543,7
DA:544,6
DA:545,6
DA:546,2
DA:547,2
DA:550,6
DA:560,7
DA:561,6
DA:562,13
DA:563,3
DA:566,10
DA:571,10
DA:572,2
DA:575,8
DA:583,0
DA:584,0
DA:589,15
DA:591,15
DA:596,2
DA:597,2
DA:600,2
DA:603,13
DA:604,13
DA:605,2
DA:607,13
DA:609,5
DA:611,13
DA:613,5
DA:615,13
DA:617,5
DA:619,13
DA:621,5
DA:623,13
DA:625,5
DA:628,13
DA:629,2
DA:630,2
DA:631,2
DA:633,11
DA:636,13
DA:637,10
DA:644,8
DA:648,7
DA:649,2
LF:240
LH:234
BRDA:115,0,0,6
BRDA:115,0,1,2
BRDA:115,0,2,11
BRDA:119,1,0,1
BRDA:119,1,1,1
BRDA:127,2,0,2
BRDA:127,2,1,9
BRDA:130,3,0,1
BRDA:130,3,1,10
BRDA:131,4,0,11
BRDA:131,4,1,0
BRDA:163,5,0,10
BRDA:163,5,1,3
BRDA:165,6,0,4
BRDA:165,6,1,6
BRDA:172,7,0,2
BRDA:172,7,1,4
BRDA:172,8,0,6
BRDA:172,8,1,4
BRDA:189,9,0,1
BRDA:189,9,1,1
BRDA:215,10,0,2
BRDA:215,10,1,1
BRDA:229,11,0,0
BRDA:229,11,1,3
BRDA:253,12,0,1
BRDA:253,12,1,0
BRDA:291,13,0,1
BRDA:291,13,1,2
BRDA:307,14,0,2
BRDA:307,14,1,4
BRDA:371,15,0,1
BRDA:371,15,1,0
BRDA:378,16,0,5
BRDA:378,16,1,0
BRDA:379,17,0,5
BRDA:379,17,1,5
BRDA:387,18,0,5
BRDA:387,18,1,0
BRDA:402,19,0,5
BRDA:402,19,1,0
BRDA:423,20,0,1
BRDA:423,20,1,0
BRDA:427,21,0,1
BRDA:427,21,1,2
BRDA:428,22,0,3
BRDA:428,22,1,3
BRDA:428,22,2,2
BRDA:472,23,0,1
BRDA:472,23,1,0
BRDA:481,24,0,7
BRDA:481,24,1,4
BRDA:482,25,0,7
BRDA:482,25,1,4
BRDA:494,26,0,3
BRDA:494,26,1,10
BRDA:495,27,0,1
BRDA:495,27,1,2
BRDA:514,28,0,2
BRDA:514,28,1,8
BRDA:514,29,0,10
BRDA:514,29,1,10
BRDA:518,30,0,2
BRDA:518,30,1,8
BRDA:518,31,0,10
BRDA:518,31,1,10
BRDA:523,32,0,5
BRDA:523,32,1,5
BRDA:525,33,0,2
BRDA:525,33,1,3
BRDA:543,34,0,6
BRDA:543,34,1,1
BRDA:543,35,0,7
BRDA:543,35,1,3
BRDA:552,36,0,4
BRDA:552,36,1,2
BRDA:562,37,0,3
BRDA:562,37,1,10
BRDA:571,38,0,2
BRDA:571,38,1,8
BRDA:578,39,0,8
BRDA:578,39,1,0
BRDA:591,40,0,2
BRDA:591,40,1,13
BRDA:592,41,0,15
BRDA:592,41,1,13
BRDA:592,41,2,13
BRDA:604,42,0,2
BRDA:604,42,1,11
BRDA:607,43,0,5
BRDA:607,43,1,8
BRDA:607,44,0,13
BRDA:607,44,1,7
BRDA:611,45,0,5
BRDA:611,45,1,8
BRDA:611,46,0,13
BRDA:611,46,1,7
BRDA:615,47,0,5
BRDA:615,47,1,8
BRDA:615,48,0,13
BRDA:615,48,1,13
BRDA:619,49,0,5
BRDA:619,49,1,8
BRDA:619,50,0,13
BRDA:619,50,1,7
BRDA:623,51,0,5
BRDA:623,51,1,8
BRDA:623,52,0,13
BRDA:623,52,1,7
BRDA:628,53,0,2
BRDA:628,53,1,11
BRDA:636,54,0,10
BRDA:636,54,1,3
BRF:113
BRH:103
end_of_record
TN:
SF:src/utils/ib-api-logger-proxy.ts
FN:8,(anonymous_0)
FN:10,(anonymous_1)
FN:14,(anonymous_2)
FN:18,(anonymous_3)
FN:22,(anonymous_4)
FNF:5
FNH:5
FNDA:4,(anonymous_0)
FNDA:14,(anonymous_1)
FNDA:5,(anonymous_2)
FNDA:1,(anonymous_3)
FNDA:1,(anonymous_4)
DA:7,8
DA:8,4
DA:11,14
DA:15,5
DA:19,1
DA:23,1
LF:6
LH:6
BRF:0
BRH:0
end_of_record
TN:
SF:src/utils/ib.helper.ts
FN:53,(anonymous_6)
FN:61,(anonymous_7)
FN:63,(anonymous_8)
FN:64,(anonymous_9)
FN:86,(anonymous_10)
FN:88,(anonymous_11)
FN:107,(anonymous_12)
FNF:7
FNH:7
FNDA:8,(anonymous_6)
FNDA:8,(anonymous_7)
FNDA:8,(anonymous_8)
FNDA:49,(anonymous_9)
FNDA:9,(anonymous_10)
FNDA:10,(anonymous_11)
FNDA:25,(anonymous_12)
DA:1,9
DA:3,9
DA:12,9
DA:48,9
DA:59,8
DA:61,8
DA:63,8
DA:64,49
DA:65,7
DA:66,7
DA:67,1
DA:69,7
DA:70,7
DA:71,1
DA:73,7
DA:74,6
DA:80,8
DA:81,2
DA:87,9
DA:88,9
DA:89,10
DA:90,1
DA:93,9
DA:96,9
DA:97,2
DA:99,9
DA:100,8
DA:103,9
DA:108,25
LF:29
LH:29
BRDA:64,0,0,7
BRDA:64,0,1,1
BRDA:66,1,0,1
BRDA:66,1,1,6
BRDA:70,2,0,1
BRDA:70,2,1,6
BRDA:73,3,0,6
BRDA:73,3,1,1
BRDA:80,4,0,2
BRDA:80,4,1,6
BRDA:89,5,0,1
BRDA:89,5,1,9
BRDA:94,6,0,3
BRDA:94,6,1,6
BRDA:96,7,0,2
BRDA:96,7,1,7
BRDA:99,8,0,8
BRDA:99,8,1,1
BRF:18
BRH:18
end_of_record
TN:
SF:src/utils/security.utils.ts
FN:21,(anonymous_1)
FN:34,(anonymous_2)
FN:49,(anonymous_3)
FNF:3
FNH:3
FNDA:9,(anonymous_1)
FNDA:32,(anonymous_2)
FNDA:13,(anonymous_3)
DA:1,9
DA:6,9
DA:7,9
DA:8,9
DA:11,9
DA:14,9
DA:19,9
DA:22,9
DA:35,32
DA:36,32
DA:38,3
DA:40,29
DA:52,13
DA:53,13
DA:54,2
DA:55,2
DA:56,1
DA:60,13
DA:61,1
DA:67,12
DA:68,3
LF:21
LH:21
BRDA:53,0,0,2
BRDA:53,0,1,11
BRDA:55,1,0,1
BRDA:55,1,1,1
BRDA:60,2,0,1
BRDA:60,2,1,12
BRDA:67,3,0,3
BRDA:67,3,1,9
BRF:8
BRH:8
end_of_record
